<?xml version="1.0" encoding="UTF-8"?>
<!-- Generated by org.testng.reporters.JUnitReportReporter -->
<testsuite hostname="TestingWorld-PC" name="testcases.TC_001" tests="1" failures="0" timestamp="5 Nov 2016 08:28:59 GMT" time="12.188" errors="0">
  <testcase name="tcase1" time="12.188" classname="testcases.TC_001"/>
</testsuite> <!-- testcases.TC_001 -->
